2025-04-11 18:35:47,746 - visualization-api - INFO - Logging initialized. Log file: /Users/aamirhullur/Documents/Projects/Self-made/CNS-Assessment/backend/logs/app.log
2025-04-11 18:35:47,775 - visualization-api - INFO - Mounting output directory for static file serving: /Users/aamirhullur/Documents/Projects/Self-made/CNS-Assessment/backend/outputs
2025-04-11 18:35:51,195 - visualization-api - INFO - Generating static visualization using Language.PYTHON
2025-04-11 18:35:51,196 - visualization-api - INFO - Output will be saved as: output_1a3ee4df.png
2025-04-11 18:35:51,197 - visualization-api - INFO - Created script file: scripts/script_1a3ee4df.py
2025-04-11 18:35:51,197 - app.core.docker_utils - INFO - Script absolute path: /Users/aamirhullur/Documents/Projects/Self-made/CNS-Assessment/backend/scripts/script_1a3ee4df.py
2025-04-11 18:35:51,197 - app.core.docker_utils - INFO - Script dir: /Users/aamirhullur/Documents/Projects/Self-made/CNS-Assessment/backend/scripts
2025-04-11 18:35:51,197 - app.core.docker_utils - INFO - Output dir: /Users/aamirhullur/Documents/Projects/Self-made/CNS-Assessment/backend/outputs
2025-04-11 18:35:51,197 - app.core.docker_utils - INFO - Script filename: script_1a3ee4df.py
2025-04-11 18:35:51,197 - app.core.docker_utils - INFO - Script file exists: True
2025-04-11 18:35:51,198 - app.core.docker_utils - INFO - Script file size: 472 bytes
2025-04-11 18:35:51,198 - app.core.docker_utils - INFO - Script file permissions: 644
2025-04-11 18:35:51,198 - app.core.docker_utils - INFO - Running container with command: python /scripts/script_1a3ee4df.py
2025-04-11 18:35:51,198 - app.core.docker_utils - INFO - Mounting volumes: /Users/aamirhullur/Documents/Projects/Self-made/CNS-Assessment/backend/scripts -> /scripts, /Users/aamirhullur/Documents/Projects/Self-made/CNS-Assessment/backend/outputs -> /outputs
2025-04-11 18:35:53,798 - app.core.docker_utils - ERROR - Failed to list container contents: 409 Client Error for http+docker://localhost/v1.47/containers/12919cf915e7204463c5d4eb448779b14fc72cd82dcff1a10c28c9a95fc5204f/exec: Conflict ("container 12919cf915e7204463c5d4eb448779b14fc72cd82dcff1a10c28c9a95fc5204f is not running")
2025-04-11 18:35:53,811 - app.core.docker_utils - INFO - Container removed successfully
2025-04-11 18:35:53,811 - app.core.docker_utils - INFO - Script execution completed successfully
2025-04-11 18:35:53,819 - visualization-api - INFO - Deleted temporary script file: scripts/script_1a3ee4df.py
2025-04-11 18:46:18,853 - visualization-api - INFO - Logging initialized. Log file: /Users/aamirhullur/Documents/Projects/Self-made/CNS-Assessment/backend/logs/app.log
2025-04-11 18:46:18,886 - visualization-api - INFO - Mounting output directory for static file serving: /Users/aamirhullur/Documents/Projects/Self-made/CNS-Assessment/backend/outputs
2025-04-11 18:46:19,887 - visualization-api - INFO - Generating static visualization using Language.PYTHON
2025-04-11 18:46:19,888 - visualization-api - INFO - Output will be saved as: output_4572814d.png
2025-04-11 18:46:19,889 - visualization-api - INFO - Created script file: scripts/script_4572814d.py
2025-04-11 18:46:19,890 - app.core.docker_utils - INFO - Script absolute path: /Users/aamirhullur/Documents/Projects/Self-made/CNS-Assessment/backend/scripts/script_4572814d.py
2025-04-11 18:46:19,890 - app.core.docker_utils - INFO - Script dir: /Users/aamirhullur/Documents/Projects/Self-made/CNS-Assessment/backend/scripts
2025-04-11 18:46:19,890 - app.core.docker_utils - INFO - Output dir: /Users/aamirhullur/Documents/Projects/Self-made/CNS-Assessment/backend/outputs
2025-04-11 18:46:19,890 - app.core.docker_utils - INFO - Script filename: script_4572814d.py
2025-04-11 18:46:19,890 - app.core.docker_utils - INFO - Script file exists: True
2025-04-11 18:46:19,890 - app.core.docker_utils - INFO - Script file size: 472 bytes
2025-04-11 18:46:19,890 - app.core.docker_utils - INFO - Script file permissions: 644
2025-04-11 18:46:19,890 - app.core.docker_utils - INFO - Running container with command: python /scripts/script_4572814d.py
2025-04-11 18:46:19,891 - app.core.docker_utils - INFO - Mounting volumes: /Users/aamirhullur/Documents/Projects/Self-made/CNS-Assessment/backend/scripts -> /scripts, /Users/aamirhullur/Documents/Projects/Self-made/CNS-Assessment/backend/outputs -> /outputs
2025-04-11 18:46:23,256 - app.core.docker_utils - ERROR - Failed to list container contents: 409 Client Error for http+docker://localhost/v1.47/containers/704c7afd4f28e2216c1a6641b138ad62e71fc12e79491e7f347d8b53f6332da6/exec: Conflict ("container 704c7afd4f28e2216c1a6641b138ad62e71fc12e79491e7f347d8b53f6332da6 is not running")
2025-04-11 18:46:23,280 - app.core.docker_utils - INFO - Container removed successfully
2025-04-11 18:46:23,280 - app.core.docker_utils - INFO - Script execution completed successfully
2025-04-11 18:46:23,303 - visualization-api - INFO - Deleted temporary script file: scripts/script_4572814d.py
2025-04-11 18:53:24,687 - visualization-api - INFO - Logging initialized. Log file: /Users/aamirhullur/Documents/Projects/Self-made/CNS-Assessment/backend/logs/app.log
2025-04-11 18:53:24,714 - visualization-api - INFO - Mounting output directory for static file serving: /Users/aamirhullur/Documents/Projects/Self-made/CNS-Assessment/backend/outputs
2025-04-11 21:44:05,613 - visualization-api - INFO - Logging initialized. Log file: /Users/aamirhullur/Documents/Projects/Self-made/CNS-Assessment/backend/logs/app.log
2025-04-11 21:44:05,654 - visualization-api - INFO - Mounting output directory for static file serving: /Users/aamirhullur/Documents/Projects/Self-made/CNS-Assessment/backend/outputs
